<?xml version="1.0" encoding="UTF-8"?>
<testsuite xmlns:xsi="http://www.w3.org/2001/XMLSchema-instance" xsi:noNamespaceSchemaLocation="https://maven.apache.org/surefire/maven-surefire-plugin/xsd/surefire-test-report.xsd" name="US1006 concort hotel sayfasinda farkli kullanici adlario ile negative test" time="99.005" tests="5" errors="0" skipped="0" failures="0">
  <properties>
[...]
</properties>
  <testcase name="TC10 farkli kullanici adlario ile negative test #1" classname="US1006 concort hotel sayfasinda farkli kullanici adlario ile negative test" time="28.754"/>
  <testcase name="TC10 farkli kullanici adlario ile negative test #2" classname="US1006 concort hotel sayfasinda farkli kullanici adlario ile negative test" time="20.536"/>
  <testcase name="TC10 farkli kullanici adlario ile negative test #3" classname="US1006 concort hotel sayfasinda farkli kullanici adlario ile negative test" time="17.94"/>
  <testcase name="TC10 farkli kullanici adlario ile negative test #4" classname="US1006 concort hotel sayfasinda farkli kullanici adlario ile negative test" time="19.81"/>
  <testcase name="TC10 farkli kullanici adlario ile negative test #5" classname="US1006 concort hotel sayfasinda farkli kullanici adlario ile negative test" time="11.964"/>
</testsuite>